Analysis & Synthesis report for adder_A_B_8_bits
Fri Mar 22 18:23:28 2024
Quartus Prime Version 18.1.0 Build 625 09/12/2018 SJ Lite Edition


---------------------
; Table of Contents ;
---------------------
  1. Legal Notice
  2. Analysis & Synthesis Summary
  3. Analysis & Synthesis Settings
  4. Parallel Compilation
  5. Analysis & Synthesis Source Files Read
  6. Analysis & Synthesis Resource Usage Summary
  7. Analysis & Synthesis Resource Utilization by Entity
  8. General Register Statistics
  9. Source assignments for Top-level Entity: |adder_A_B_8_bits
 10. Parameter Settings for User Entity Instance: reg_N_bits_areset:register
 11. Post-Synthesis Netlist Statistics for Top Partition
 12. Elapsed Time Per Partition
 13. Analysis & Synthesis Messages
 14. Analysis & Synthesis Suppressed Messages



----------------
; Legal Notice ;
----------------
Copyright (C) 2018  Intel Corporation. All rights reserved.
Your use of Intel Corporation's design tools, logic functions 
and other software and tools, and its AMPP partner logic 
functions, and any output files from any of the foregoing 
(including device programming or simulation files), and any 
associated documentation or information are expressly subject 
to the terms and conditions of the Intel Program License 
Subscription Agreement, the Intel Quartus Prime License Agreement,
the Intel FPGA IP License Agreement, or other applicable license
agreement, including, without limitation, that your use is for
the sole purpose of programming logic devices manufactured by
Intel and sold by Intel or its authorized distributors.  Please
refer to the applicable agreement for further details.



+-------------------------------------------------------------------------------+
; Analysis & Synthesis Summary                                                  ;
+---------------------------------+---------------------------------------------+
; Analysis & Synthesis Status     ; Successful - Fri Mar 22 18:23:28 2024       ;
; Quartus Prime Version           ; 18.1.0 Build 625 09/12/2018 SJ Lite Edition ;
; Revision Name                   ; adder_A_B_8_bits                            ;
; Top-level Entity Name           ; adder_A_B_8_bits                            ;
; Family                          ; Cyclone V                                   ;
; Logic utilization (in ALMs)     ; N/A                                         ;
; Total registers                 ; 8                                           ;
; Total pins                      ; 35                                          ;
; Total virtual pins              ; 0                                           ;
; Total block memory bits         ; 0                                           ;
; Total DSP Blocks                ; 0                                           ;
; Total HSSI RX PCSs              ; 0                                           ;
; Total HSSI PMA RX Deserializers ; 0                                           ;
; Total HSSI TX PCSs              ; 0                                           ;
; Total HSSI PMA TX Serializers   ; 0                                           ;
; Total PLLs                      ; 0                                           ;
; Total DLLs                      ; 0                                           ;
+---------------------------------+---------------------------------------------+


+---------------------------------------------------------------------------------------------------------------------------+
; Analysis & Synthesis Settings                                                                                             ;
+---------------------------------------------------------------------------------+--------------------+--------------------+
; Option                                                                          ; Setting            ; Default Value      ;
+---------------------------------------------------------------------------------+--------------------+--------------------+
; Device                                                                          ; 5CSEMA5F31C6       ;                    ;
; Top-level entity name                                                           ; adder_A_B_8_bits   ; adder_A_B_8_bits   ;
; Family name                                                                     ; Cyclone V          ; Cyclone V          ;
; Use smart compilation                                                           ; Off                ; Off                ;
; Enable parallel Assembler and Timing Analyzer during compilation                ; On                 ; On                 ;
; Enable compact report table                                                     ; Off                ; Off                ;
; Restructure Multiplexers                                                        ; Auto               ; Auto               ;
; MLAB Add Timing Constraints For Mixed-Port Feed-Through Mode Setting Don't Care ; Off                ; Off                ;
; Create Debugging Nodes for IP Cores                                             ; Off                ; Off                ;
; Preserve fewer node names                                                       ; On                 ; On                 ;
; Intel FPGA IP Evaluation Mode                                                   ; Enable             ; Enable             ;
; Verilog Version                                                                 ; Verilog_2001       ; Verilog_2001       ;
; VHDL Version                                                                    ; VHDL_1993          ; VHDL_1993          ;
; State Machine Processing                                                        ; Auto               ; Auto               ;
; Safe State Machine                                                              ; Off                ; Off                ;
; Extract Verilog State Machines                                                  ; On                 ; On                 ;
; Extract VHDL State Machines                                                     ; On                 ; On                 ;
; Ignore Verilog initial constructs                                               ; Off                ; Off                ;
; Iteration limit for constant Verilog loops                                      ; 5000               ; 5000               ;
; Iteration limit for non-constant Verilog loops                                  ; 250                ; 250                ;
; Add Pass-Through Logic to Inferred RAMs                                         ; On                 ; On                 ;
; Infer RAMs from Raw Logic                                                       ; On                 ; On                 ;
; Parallel Synthesis                                                              ; On                 ; On                 ;
; DSP Block Balancing                                                             ; Auto               ; Auto               ;
; NOT Gate Push-Back                                                              ; On                 ; On                 ;
; Power-Up Don't Care                                                             ; On                 ; On                 ;
; Remove Redundant Logic Cells                                                    ; Off                ; Off                ;
; Remove Duplicate Registers                                                      ; On                 ; On                 ;
; Ignore CARRY Buffers                                                            ; Off                ; Off                ;
; Ignore CASCADE Buffers                                                          ; Off                ; Off                ;
; Ignore GLOBAL Buffers                                                           ; Off                ; Off                ;
; Ignore ROW GLOBAL Buffers                                                       ; Off                ; Off                ;
; Ignore LCELL Buffers                                                            ; Off                ; Off                ;
; Ignore SOFT Buffers                                                             ; On                 ; On                 ;
; Limit AHDL Integers to 32 Bits                                                  ; Off                ; Off                ;
; Optimization Technique                                                          ; Balanced           ; Balanced           ;
; Carry Chain Length                                                              ; 70                 ; 70                 ;
; Auto Carry Chains                                                               ; On                 ; On                 ;
; Auto Open-Drain Pins                                                            ; On                 ; On                 ;
; Perform WYSIWYG Primitive Resynthesis                                           ; Off                ; Off                ;
; Auto ROM Replacement                                                            ; On                 ; On                 ;
; Auto RAM Replacement                                                            ; On                 ; On                 ;
; Auto DSP Block Replacement                                                      ; On                 ; On                 ;
; Auto Shift Register Replacement                                                 ; Auto               ; Auto               ;
; Allow Shift Register Merging across Hierarchies                                 ; Auto               ; Auto               ;
; Auto Clock Enable Replacement                                                   ; On                 ; On                 ;
; Strict RAM Replacement                                                          ; Off                ; Off                ;
; Allow Synchronous Control Signals                                               ; On                 ; On                 ;
; Force Use of Synchronous Clear Signals                                          ; Off                ; Off                ;
; Auto Resource Sharing                                                           ; Off                ; Off                ;
; Allow Any RAM Size For Recognition                                              ; Off                ; Off                ;
; Allow Any ROM Size For Recognition                                              ; Off                ; Off                ;
; Allow Any Shift Register Size For Recognition                                   ; Off                ; Off                ;
; Use LogicLock Constraints during Resource Balancing                             ; On                 ; On                 ;
; Ignore translate_off and synthesis_off directives                               ; Off                ; Off                ;
; Timing-Driven Synthesis                                                         ; On                 ; On                 ;
; Report Parameter Settings                                                       ; On                 ; On                 ;
; Report Source Assignments                                                       ; On                 ; On                 ;
; Report Connectivity Checks                                                      ; On                 ; On                 ;
; Ignore Maximum Fan-Out Assignments                                              ; Off                ; Off                ;
; Synchronization Register Chain Length                                           ; 3                  ; 3                  ;
; Power Optimization During Synthesis                                             ; Normal compilation ; Normal compilation ;
; HDL message level                                                               ; Level2             ; Level2             ;
; Suppress Register Optimization Related Messages                                 ; Off                ; Off                ;
; Number of Removed Registers Reported in Synthesis Report                        ; 5000               ; 5000               ;
; Number of Swept Nodes Reported in Synthesis Report                              ; 5000               ; 5000               ;
; Number of Inverted Registers Reported in Synthesis Report                       ; 100                ; 100                ;
; Clock MUX Protection                                                            ; On                 ; On                 ;
; Auto Gated Clock Conversion                                                     ; Off                ; Off                ;
; Block Design Naming                                                             ; Auto               ; Auto               ;
; SDC constraint protection                                                       ; Off                ; Off                ;
; Synthesis Effort                                                                ; Auto               ; Auto               ;
; Shift Register Replacement - Allow Asynchronous Clear Signal                    ; On                 ; On                 ;
; Pre-Mapping Resynthesis Optimization                                            ; Off                ; Off                ;
; Analysis & Synthesis Message Level                                              ; Medium             ; Medium             ;
; Disable Register Merging Across Hierarchies                                     ; Auto               ; Auto               ;
; Resource Aware Inference For Block RAM                                          ; On                 ; On                 ;
; Automatic Parallel Synthesis                                                    ; On                 ; On                 ;
; Partial Reconfiguration Bitstream ID                                            ; Off                ; Off                ;
+---------------------------------------------------------------------------------+--------------------+--------------------+


+------------------------------------------+
; Parallel Compilation                     ;
+----------------------------+-------------+
; Processors                 ; Number      ;
+----------------------------+-------------+
; Number detected on machine ; 12          ;
; Maximum allowed            ; 12          ;
;                            ;             ;
; Average used               ; 1.00        ;
; Maximum used               ; 1           ;
;                            ;             ;
; Usage by Processor         ; % Time Used ;
;     Processor 1            ; 100.0%      ;
+----------------------------+-------------+


+---------------------------------------------------------------------------------------------------------------------------------------------------------------+
; Analysis & Synthesis Source Files Read                                                                                                                        ;
+-------------------------------------+-----------------+------------------------+--------------------------------------------------------------------+---------+
; File Name with User-Entered Path    ; Used in Netlist ; File Type              ; File Name with Absolute Path                                       ; Library ;
+-------------------------------------+-----------------+------------------------+--------------------------------------------------------------------+---------+
; ../all_segments/reg_N_bits_areset.v ; yes             ; User Verilog HDL File  ; C:/Users/bingo/OneDrive/Pulpit/all_segments/reg_N_bits_areset.v    ;         ;
; adder_A_B_8_bits.v                  ; yes             ; User Verilog HDL File  ; C:/Users/bingo/OneDrive/Pulpit/adder_A_B_8_bits/adder_A_B_8_bits.v ;         ;
+-------------------------------------+-----------------+------------------------+--------------------------------------------------------------------+---------+


+---------------------------------------------------------+
; Analysis & Synthesis Resource Usage Summary             ;
+---------------------------------------------+-----------+
; Resource                                    ; Usage     ;
+---------------------------------------------+-----------+
; Estimate of Logic utilization (ALMs needed) ; 15        ;
;                                             ;           ;
; Combinational ALUT usage for logic          ; 26        ;
;     -- 7 input functions                    ; 0         ;
;     -- 6 input functions                    ; 0         ;
;     -- 5 input functions                    ; 0         ;
;     -- 4 input functions                    ; 0         ;
;     -- <=3 input functions                  ; 26        ;
;                                             ;           ;
; Dedicated logic registers                   ; 8         ;
;                                             ;           ;
; I/O pins                                    ; 35        ;
;                                             ;           ;
; Total DSP Blocks                            ; 0         ;
;                                             ;           ;
; Maximum fan-out node                        ; clk~input ;
; Maximum fan-out                             ; 8         ;
; Total fan-out                               ; 125       ;
; Average fan-out                             ; 1.20      ;
+---------------------------------------------+-----------+


+----------------------------------------------------------------------------------------------------------------------------------------------------------------------------------------------------------------------------+
; Analysis & Synthesis Resource Utilization by Entity                                                                                                                                                                        ;
+---------------------------------+---------------------+---------------------------+-------------------+------------+------+--------------+----------------------------------------------+-------------------+--------------+
; Compilation Hierarchy Node      ; Combinational ALUTs ; Dedicated Logic Registers ; Block Memory Bits ; DSP Blocks ; Pins ; Virtual Pins ; Full Hierarchy Name                          ; Entity Name       ; Library Name ;
+---------------------------------+---------------------+---------------------------+-------------------+------------+------+--------------+----------------------------------------------+-------------------+--------------+
; |adder_A_B_8_bits               ; 26 (26)             ; 8 (0)                     ; 0                 ; 0          ; 35   ; 0            ; |adder_A_B_8_bits                            ; adder_A_B_8_bits  ; work         ;
;    |reg_N_bits_areset:register| ; 0 (0)               ; 8 (8)                     ; 0                 ; 0          ; 0    ; 0            ; |adder_A_B_8_bits|reg_N_bits_areset:register ; reg_N_bits_areset ; work         ;
+---------------------------------+---------------------+---------------------------+-------------------+------------+------+--------------+----------------------------------------------+-------------------+--------------+
Note: For table entries with two numbers listed, the numbers in parentheses indicate the number of resources of the given type used by the specific entity alone. The numbers listed outside of parentheses indicate the total resources of the given type used by the specific entity and all of its sub-entities in the hierarchy.


+------------------------------------------------------+
; General Register Statistics                          ;
+----------------------------------------------+-------+
; Statistic                                    ; Value ;
+----------------------------------------------+-------+
; Total registers                              ; 8     ;
; Number of registers using Synchronous Clear  ; 0     ;
; Number of registers using Synchronous Load   ; 0     ;
; Number of registers using Asynchronous Clear ; 8     ;
; Number of registers using Asynchronous Load  ; 0     ;
; Number of registers using Clock Enable       ; 0     ;
; Number of registers using Preset             ; 0     ;
+----------------------------------------------+-------+


+---------------------------------------------------------------+
; Source assignments for Top-level Entity: |adder_A_B_8_bits    ;
+------------------------------+-------+------+-----------------+
; Assignment                   ; Value ; From ; To              ;
+------------------------------+-------+------+-----------------+
; IGNORE_LCELL_BUFFERS         ; off   ; -    ; sum[8]          ;
; REMOVE_REDUNDANT_LOGIC_CELLS ; off   ; -    ; sum[8]          ;
; IGNORE_LCELL_BUFFERS         ; off   ; -    ; sum[7]          ;
; REMOVE_REDUNDANT_LOGIC_CELLS ; off   ; -    ; sum[7]          ;
; IGNORE_LCELL_BUFFERS         ; off   ; -    ; sum[6]          ;
; REMOVE_REDUNDANT_LOGIC_CELLS ; off   ; -    ; sum[6]          ;
; IGNORE_LCELL_BUFFERS         ; off   ; -    ; sum[5]          ;
; REMOVE_REDUNDANT_LOGIC_CELLS ; off   ; -    ; sum[5]          ;
; IGNORE_LCELL_BUFFERS         ; off   ; -    ; sum[4]          ;
; REMOVE_REDUNDANT_LOGIC_CELLS ; off   ; -    ; sum[4]          ;
; IGNORE_LCELL_BUFFERS         ; off   ; -    ; sum[3]          ;
; REMOVE_REDUNDANT_LOGIC_CELLS ; off   ; -    ; sum[3]          ;
; IGNORE_LCELL_BUFFERS         ; off   ; -    ; sum[2]          ;
; REMOVE_REDUNDANT_LOGIC_CELLS ; off   ; -    ; sum[2]          ;
; IGNORE_LCELL_BUFFERS         ; off   ; -    ; sum[1]          ;
; REMOVE_REDUNDANT_LOGIC_CELLS ; off   ; -    ; sum[1]          ;
; IGNORE_LCELL_BUFFERS         ; off   ; -    ; sum[0]          ;
; REMOVE_REDUNDANT_LOGIC_CELLS ; off   ; -    ; sum[0]          ;
; IGNORE_LCELL_BUFFERS         ; off   ; -    ; saved_number[7] ;
; REMOVE_REDUNDANT_LOGIC_CELLS ; off   ; -    ; saved_number[7] ;
; IGNORE_LCELL_BUFFERS         ; off   ; -    ; saved_number[6] ;
; REMOVE_REDUNDANT_LOGIC_CELLS ; off   ; -    ; saved_number[6] ;
; IGNORE_LCELL_BUFFERS         ; off   ; -    ; saved_number[5] ;
; REMOVE_REDUNDANT_LOGIC_CELLS ; off   ; -    ; saved_number[5] ;
; IGNORE_LCELL_BUFFERS         ; off   ; -    ; saved_number[4] ;
; REMOVE_REDUNDANT_LOGIC_CELLS ; off   ; -    ; saved_number[4] ;
; IGNORE_LCELL_BUFFERS         ; off   ; -    ; saved_number[3] ;
; REMOVE_REDUNDANT_LOGIC_CELLS ; off   ; -    ; saved_number[3] ;
; IGNORE_LCELL_BUFFERS         ; off   ; -    ; saved_number[2] ;
; REMOVE_REDUNDANT_LOGIC_CELLS ; off   ; -    ; saved_number[2] ;
; IGNORE_LCELL_BUFFERS         ; off   ; -    ; saved_number[1] ;
; REMOVE_REDUNDANT_LOGIC_CELLS ; off   ; -    ; saved_number[1] ;
; IGNORE_LCELL_BUFFERS         ; off   ; -    ; saved_number[0] ;
; REMOVE_REDUNDANT_LOGIC_CELLS ; off   ; -    ; saved_number[0] ;
+------------------------------+-------+------+-----------------+


+-------------------------------------------------------------------------+
; Parameter Settings for User Entity Instance: reg_N_bits_areset:register ;
+----------------+-------+------------------------------------------------+
; Parameter Name ; Value ; Type                                           ;
+----------------+-------+------------------------------------------------+
; N              ; 8     ; Signed Integer                                 ;
+----------------+-------+------------------------------------------------+
Note: In order to hide this table in the UI and the text report file, please set the "Show Parameter Settings in Synthesis Report" option in "Analysis and Synthesis Settings -> More Settings" to "Off".


+-----------------------------------------------------+
; Post-Synthesis Netlist Statistics for Top Partition ;
+-----------------------+-----------------------------+
; Type                  ; Count                       ;
+-----------------------+-----------------------------+
; arriav_ff             ; 8                           ;
;     CLR               ; 8                           ;
; arriav_lcell_comb     ; 26                          ;
;     arith             ; 9                           ;
;         0 data inputs ; 1                           ;
;         2 data inputs ; 8                           ;
;     normal            ; 17                          ;
;         1 data inputs ; 17                          ;
; boundary_port         ; 35                          ;
;                       ;                             ;
; Max LUT depth         ; 3.80                        ;
; Average LUT depth     ; 3.20                        ;
+-----------------------+-----------------------------+


+-------------------------------+
; Elapsed Time Per Partition    ;
+----------------+--------------+
; Partition Name ; Elapsed Time ;
+----------------+--------------+
; Top            ; 00:00:00     ;
+----------------+--------------+


+-------------------------------+
; Analysis & Synthesis Messages ;
+-------------------------------+
Info: *******************************************************************
Info: Running Quartus Prime Analysis & Synthesis
    Info: Version 18.1.0 Build 625 09/12/2018 SJ Lite Edition
    Info: Processing started: Fri Mar 22 18:23:17 2024
Info: Command: quartus_map --read_settings_files=on --write_settings_files=off adder_A_B_8_bits -c adder_A_B_8_bits
Warning (18236): Number of processors has not been specified which may cause overloading on shared machines.  Set the global assignment NUM_PARALLEL_PROCESSORS in your QSF to an appropriate value for best performance.
Info (20030): Parallel compilation is enabled and will use 12 of the 12 processors detected
Info (12021): Found 1 design units, including 1 entities, in source file /users/bingo/onedrive/pulpit/all_segments/subtract_10_5_bits.v
    Info (12023): Found entity 1: subtract_10_5_bits File: C:/Users/bingo/OneDrive/Pulpit/all_segments/subtract_10_5_bits.v Line: 1
Info (12021): Found 1 design units, including 1 entities, in source file /users/bingo/onedrive/pulpit/all_segments/subtract_10_4_bits.v
    Info (12023): Found entity 1: subtract_10_4_bits File: C:/Users/bingo/OneDrive/Pulpit/all_segments/subtract_10_4_bits.v Line: 1
Info (12021): Found 1 design units, including 1 entities, in source file /users/bingo/onedrive/pulpit/all_segments/reg_n_bits_areset.v
    Info (12023): Found entity 1: reg_N_bits_areset File: C:/Users/bingo/OneDrive/Pulpit/all_segments/reg_N_bits_areset.v Line: 1
Info (12021): Found 1 design units, including 1 entities, in source file /users/bingo/onedrive/pulpit/all_segments/mux_4_1_2_bits.v
    Info (12023): Found entity 1: mux_4_1_2_bits File: C:/Users/bingo/OneDrive/Pulpit/all_segments/mux_4_1_2_bits.v Line: 1
Info (12021): Found 1 design units, including 1 entities, in source file /users/bingo/onedrive/pulpit/all_segments/mux_4_1_1_bit.v
    Info (12023): Found entity 1: mux_4_1_1_bit File: C:/Users/bingo/OneDrive/Pulpit/all_segments/mux_4_1_1_bit.v Line: 1
Info (12021): Found 1 design units, including 1 entities, in source file /users/bingo/onedrive/pulpit/all_segments/mux_2_1_4_bits.v
    Info (12023): Found entity 1: mux_2_1_4_bits File: C:/Users/bingo/OneDrive/Pulpit/all_segments/mux_2_1_4_bits.v Line: 1
Info (12021): Found 1 design units, including 1 entities, in source file /users/bingo/onedrive/pulpit/all_segments/mux_2_1_1_bit.v
    Info (12023): Found entity 1: mux_2_1_1_bit File: C:/Users/bingo/OneDrive/Pulpit/all_segments/mux_2_1_1_bit.v Line: 1
Info (12021): Found 1 design units, including 1 entities, in source file /users/bingo/onedrive/pulpit/all_segments/master_slave_d_b.v
    Info (12023): Found entity 1: master_slave_D_b File: C:/Users/bingo/OneDrive/Pulpit/all_segments/master_slave_D_b.v Line: 1
Info (12021): Found 1 design units, including 1 entities, in source file /users/bingo/onedrive/pulpit/all_segments/master_slave_d.v
    Info (12023): Found entity 1: master_slave_D File: C:/Users/bingo/OneDrive/Pulpit/all_segments/master_slave_D.v Line: 1
Info (12021): Found 1 design units, including 1 entities, in source file /users/bingo/onedrive/pulpit/all_segments/latch_rs_gates.v
    Info (12023): Found entity 1: latch_RS_gates File: C:/Users/bingo/OneDrive/Pulpit/all_segments/latch_RS_gates.v Line: 1
Info (12021): Found 1 design units, including 1 entities, in source file /users/bingo/onedrive/pulpit/all_segments/latch_rs_boolean.v
    Info (12023): Found entity 1: latch_RS_boolean File: C:/Users/bingo/OneDrive/Pulpit/all_segments/latch_RS_boolean.v Line: 1
Info (12021): Found 1 design units, including 1 entities, in source file /users/bingo/onedrive/pulpit/all_segments/latch_fddp_fddn.v
    Info (12023): Found entity 1: latch_FDDP_FDDN File: C:/Users/bingo/OneDrive/Pulpit/all_segments/latch_FDDP_FDDN.v Line: 1
Info (12021): Found 1 design units, including 1 entities, in source file /users/bingo/onedrive/pulpit/all_segments/latch_d_b.v
    Info (12023): Found entity 1: latch_D_b File: C:/Users/bingo/OneDrive/Pulpit/all_segments/latch_D_b.v Line: 1
Info (12021): Found 1 design units, including 1 entities, in source file /users/bingo/onedrive/pulpit/all_segments/latch_d.v
    Info (12023): Found entity 1: latch_D File: C:/Users/bingo/OneDrive/Pulpit/all_segments/latch_D.v Line: 1
Info (12021): Found 1 design units, including 1 entities, in source file /users/bingo/onedrive/pulpit/all_segments/hex_2_digit.v
    Info (12023): Found entity 1: hex_2_digit File: C:/Users/bingo/OneDrive/Pulpit/all_segments/hex_2_digit.v Line: 1
Info (12021): Found 1 design units, including 1 entities, in source file /users/bingo/onedrive/pulpit/all_segments/decoder_hex_16.v
    Info (12023): Found entity 1: decoder_hex_16 File: C:/Users/bingo/OneDrive/Pulpit/all_segments/decoder_hex_16.v Line: 1
Info (12021): Found 1 design units, including 1 entities, in source file /users/bingo/onedrive/pulpit/all_segments/decoder_hex_10.v
    Info (12023): Found entity 1: decoder_hex_10 File: C:/Users/bingo/OneDrive/Pulpit/all_segments/decoder_hex_10.v Line: 1
Info (12021): Found 1 design units, including 1 entities, in source file /users/bingo/onedrive/pulpit/all_segments/decoder_7_seg_2_bits.v
    Info (12023): Found entity 1: decoder_7_seg_2_bits File: C:/Users/bingo/OneDrive/Pulpit/all_segments/decoder_7_seg_2_bits.v Line: 1
Info (12021): Found 1 design units, including 1 entities, in source file /users/bingo/onedrive/pulpit/all_segments/comparator_over_10_5_bits.v
    Info (12023): Found entity 1: comparator_over_10_5_bits File: C:/Users/bingo/OneDrive/Pulpit/all_segments/comparator_over_10_5_bits.v Line: 1
Info (12021): Found 1 design units, including 1 entities, in source file /users/bingo/onedrive/pulpit/all_segments/comparator_over_10_4bits.v
    Info (12023): Found entity 1: comparator_over_10_4bits File: C:/Users/bingo/OneDrive/Pulpit/all_segments/comparator_over_10_4bits.v Line: 1
Info (12021): Found 1 design units, including 1 entities, in source file /users/bingo/onedrive/pulpit/all_segments/binary_to_hex_decoder_1_bit.v
    Info (12023): Found entity 1: binary_to_hex_decoder_1_bit File: C:/Users/bingo/OneDrive/Pulpit/all_segments/binary_to_hex_decoder_1_bit.v Line: 1
Info (12021): Found 1 design units, including 1 entities, in source file /users/bingo/onedrive/pulpit/all_segments/binary_bcd_4_bits_board.v
    Info (12023): Found entity 1: binary_bcd_4_bits_board File: C:/Users/bingo/OneDrive/Pulpit/all_segments/binary_bcd_4_bits_board.v Line: 1
Info (12021): Found 1 design units, including 1 entities, in source file /users/bingo/onedrive/pulpit/all_segments/binary_bcd_4_bits.v
    Info (12023): Found entity 1: binary_BCD_4_bits File: C:/Users/bingo/OneDrive/Pulpit/all_segments/binary_BCD_4_bits.v Line: 1
Info (12021): Found 1 design units, including 1 entities, in source file /users/bingo/onedrive/pulpit/all_segments/bcd_to_dec_2_bits_on_board.v
    Info (12023): Found entity 1: bcd_to_dec_2_bits_on_board File: C:/Users/bingo/OneDrive/Pulpit/all_segments/bcd_to_dec_2_bits_on_board.v Line: 1
Info (12021): Found 1 design units, including 1 entities, in source file /users/bingo/onedrive/pulpit/all_segments/bcd_to_dec_2_bits.v
    Info (12023): Found entity 1: bcd_to_dec_2_bits File: C:/Users/bingo/OneDrive/Pulpit/all_segments/bcd_to_dec_2_bits.v Line: 1
Info (12021): Found 1 design units, including 1 entities, in source file /users/bingo/onedrive/pulpit/all_segments/assign_adder.v
    Info (12023): Found entity 1: assign_adder File: C:/Users/bingo/OneDrive/Pulpit/all_segments/assign_adder.v Line: 1
Info (12021): Found 1 design units, including 1 entities, in source file /users/bingo/onedrive/pulpit/all_segments/adder_bcd_2_digits_b.v
    Info (12023): Found entity 1: adder_BCD_2_digits_b File: C:/Users/bingo/OneDrive/Pulpit/all_segments/adder_BCD_2_digits_b.v Line: 1
Info (12021): Found 1 design units, including 1 entities, in source file /users/bingo/onedrive/pulpit/all_segments/adder_bcd_2_digits.v
    Info (12023): Found entity 1: adder_BCD_2_digits File: C:/Users/bingo/OneDrive/Pulpit/all_segments/adder_BCD_2_digits.v Line: 1
Info (12021): Found 1 design units, including 1 entities, in source file adder_a_b_8_bits.v
    Info (12023): Found entity 1: adder_A_B_8_bits File: C:/Users/bingo/OneDrive/Pulpit/adder_A_B_8_bits/adder_A_B_8_bits.v Line: 1
Warning (10236): Verilog HDL Implicit Net warning at adder_BCD_2_digits.v(19): created implicit net for "z" File: C:/Users/bingo/OneDrive/Pulpit/all_segments/adder_BCD_2_digits.v Line: 19
Critical Warning (10846): Verilog HDL Instantiation warning at binary_BCD_4_bits.v(12): instance has no name File: C:/Users/bingo/OneDrive/Pulpit/all_segments/binary_BCD_4_bits.v Line: 12
Critical Warning (10846): Verilog HDL Instantiation warning at binary_bcd_4_bits_board.v(6): instance has no name File: C:/Users/bingo/OneDrive/Pulpit/all_segments/binary_bcd_4_bits_board.v Line: 6
Critical Warning (10846): Verilog HDL Instantiation warning at bcd_to_dec_2_bits_on_board.v(8): instance has no name File: C:/Users/bingo/OneDrive/Pulpit/all_segments/bcd_to_dec_2_bits_on_board.v Line: 8
Critical Warning (10846): Verilog HDL Instantiation warning at adder_BCD_2_digits.v(23): instance has no name File: C:/Users/bingo/OneDrive/Pulpit/all_segments/adder_BCD_2_digits.v Line: 23
Info (12127): Elaborating entity "adder_A_B_8_bits" for the top level hierarchy
Info (12128): Elaborating entity "reg_N_bits_areset" for hierarchy "reg_N_bits_areset:register" File: C:/Users/bingo/OneDrive/Pulpit/adder_A_B_8_bits/adder_A_B_8_bits.v Line: 10
Info (286030): Timing-Driven Synthesis is running
Info (17016): Found the following redundant logic cells in design
    Info (17048): Logic cell "sum[0]" File: C:/Users/bingo/OneDrive/Pulpit/adder_A_B_8_bits/adder_A_B_8_bits.v Line: 15
    Info (17048): Logic cell "sum[1]" File: C:/Users/bingo/OneDrive/Pulpit/adder_A_B_8_bits/adder_A_B_8_bits.v Line: 15
    Info (17048): Logic cell "sum[2]" File: C:/Users/bingo/OneDrive/Pulpit/adder_A_B_8_bits/adder_A_B_8_bits.v Line: 15
    Info (17048): Logic cell "sum[3]" File: C:/Users/bingo/OneDrive/Pulpit/adder_A_B_8_bits/adder_A_B_8_bits.v Line: 15
    Info (17048): Logic cell "sum[4]" File: C:/Users/bingo/OneDrive/Pulpit/adder_A_B_8_bits/adder_A_B_8_bits.v Line: 15
    Info (17048): Logic cell "sum[5]" File: C:/Users/bingo/OneDrive/Pulpit/adder_A_B_8_bits/adder_A_B_8_bits.v Line: 15
    Info (17048): Logic cell "sum[6]" File: C:/Users/bingo/OneDrive/Pulpit/adder_A_B_8_bits/adder_A_B_8_bits.v Line: 15
    Info (17048): Logic cell "sum[7]" File: C:/Users/bingo/OneDrive/Pulpit/adder_A_B_8_bits/adder_A_B_8_bits.v Line: 15
    Info (17048): Logic cell "sum[8]" File: C:/Users/bingo/OneDrive/Pulpit/adder_A_B_8_bits/adder_A_B_8_bits.v Line: 15
    Info (17048): Logic cell "saved_number[0]" File: C:/Users/bingo/OneDrive/Pulpit/adder_A_B_8_bits/adder_A_B_8_bits.v Line: 8
    Info (17048): Logic cell "saved_number[1]" File: C:/Users/bingo/OneDrive/Pulpit/adder_A_B_8_bits/adder_A_B_8_bits.v Line: 8
    Info (17048): Logic cell "saved_number[2]" File: C:/Users/bingo/OneDrive/Pulpit/adder_A_B_8_bits/adder_A_B_8_bits.v Line: 8
    Info (17048): Logic cell "saved_number[3]" File: C:/Users/bingo/OneDrive/Pulpit/adder_A_B_8_bits/adder_A_B_8_bits.v Line: 8
    Info (17048): Logic cell "saved_number[4]" File: C:/Users/bingo/OneDrive/Pulpit/adder_A_B_8_bits/adder_A_B_8_bits.v Line: 8
    Info (17048): Logic cell "saved_number[5]" File: C:/Users/bingo/OneDrive/Pulpit/adder_A_B_8_bits/adder_A_B_8_bits.v Line: 8
    Info (17048): Logic cell "saved_number[6]" File: C:/Users/bingo/OneDrive/Pulpit/adder_A_B_8_bits/adder_A_B_8_bits.v Line: 8
    Info (17048): Logic cell "saved_number[7]" File: C:/Users/bingo/OneDrive/Pulpit/adder_A_B_8_bits/adder_A_B_8_bits.v Line: 8
Info (144001): Generated suppressed messages file C:/Users/bingo/OneDrive/Pulpit/adder_A_B_8_bits/output_files/adder_A_B_8_bits.map.smsg
Info (16010): Generating hard_block partition "hard_block:auto_generated_inst"
    Info (16011): Adding 0 node(s), including 0 DDIO, 0 PLL, 0 transceiver and 0 LCELL
Info (21057): Implemented 69 device resources after synthesis - the final resource count might be different
    Info (21058): Implemented 10 input pins
    Info (21059): Implemented 25 output pins
    Info (21061): Implemented 34 logic cells
Info: Quartus Prime Analysis & Synthesis was successful. 0 errors, 6 warnings
    Info: Peak virtual memory: 4841 megabytes
    Info: Processing ended: Fri Mar 22 18:23:28 2024
    Info: Elapsed time: 00:00:11
    Info: Total CPU time (on all processors): 00:00:22


+------------------------------------------+
; Analysis & Synthesis Suppressed Messages ;
+------------------------------------------+
The suppressed messages can be found in C:/Users/bingo/OneDrive/Pulpit/adder_A_B_8_bits/output_files/adder_A_B_8_bits.map.smsg.


